<?xml version="1.0" encoding="UTF-8"?>
<testng-results ignored="0" total="1" passed="1" failed="0" skipped="0">
  <reporter-output>
  </reporter-output>
  <suite started-at="2022-02-07T18:03:41 IST" name="Default suite" finished-at="2022-02-07T18:03:54 IST" duration-ms="12161">
    <groups>
    </groups>
    <test started-at="2022-02-07T18:03:41 IST" name="Default test" finished-at="2022-02-07T18:03:54 IST" duration-ms="12161">
      <class name="scripts.AddingToCart">
        <test-method is-config="true" signature="openApp()[pri:0, instance:scripts.AddingToCart@2dde1bff]" started-at="2022-02-07T18:03:41 IST" name="openApp" finished-at="2022-02-07T18:03:48 IST" duration-ms="6943" status="PASS">
          <reporter-output>
          </reporter-output>
        </test-method> <!-- openApp -->
        <test-method signature="tc1()[pri:0, instance:scripts.AddingToCart@2dde1bff]" started-at="2022-02-07T18:03:48 IST" name="tc1" finished-at="2022-02-07T18:03:53 IST" duration-ms="4710" status="PASS">
          <reporter-output>
          </reporter-output>
        </test-method> <!-- tc1 -->
        <test-method is-config="true" signature="closeApp(org.testng.ITestResult)[pri:0, instance:scripts.AddingToCart@2dde1bff]" started-at="2022-02-07T18:03:53 IST" name="closeApp" finished-at="2022-02-07T18:03:54 IST" duration-ms="455" status="PASS">
          <params>
            <param index="0">
              <value>
                <![CDATA[[TestResult name=tc1 status=SUCCESS method=AddingToCart.tc1()[pri:0, instance:scripts.AddingToCart@2dde1bff] output={null}]]]>
              </value>
            </param>
          </params>
          <reporter-output>
          </reporter-output>
        </test-method> <!-- closeApp -->
      </class> <!-- scripts.AddingToCart -->
    </test> <!-- Default test -->
  </suite> <!-- Default suite -->
</testng-results>
